<?xml version="1.0" encoding="UTF-8"?>
<testng-results ignored="0" total="3" passed="3" failed="0" skipped="0">
  <reporter-output>
  </reporter-output>
  <suite started-at="2023-02-06T10:30:17 MYT" name="Default Suite" finished-at="2023-02-06T10:30:23 MYT" duration-ms="5143">
    <groups>
      <group name="P0">
        <method signature="DemoRestAIO.login()[pri:1, instance:DemoRestAIO@56cdfb3b]" name="login" class="DemoRestAIO"/>
        <method signature="DemoRestAIO.verifyPin()[pri:2, instance:DemoRestAIO@56cdfb3b]" name="verifyPin" class="DemoRestAIO"/>
        <method signature="DemoRestAIO.getProfile()[pri:0, instance:DemoRestAIO@56cdfb3b]" name="getProfile" class="DemoRestAIO"/>
      </group> <!-- P0 -->
      <group name="TES-TC-10">
        <method signature="DemoRestAIO.getProfile()[pri:0, instance:DemoRestAIO@56cdfb3b]" name="getProfile" class="DemoRestAIO"/>
      </group> <!-- TES-TC-10 -->
      <group name="TES-TC-8">
        <method signature="DemoRestAIO.login()[pri:1, instance:DemoRestAIO@56cdfb3b]" name="login" class="DemoRestAIO"/>
      </group> <!-- TES-TC-8 -->
      <group name="TES-TC-9">
        <method signature="DemoRestAIO.verifyPin()[pri:2, instance:DemoRestAIO@56cdfb3b]" name="verifyPin" class="DemoRestAIO"/>
      </group> <!-- TES-TC-9 -->
    </groups>
    <test started-at="2023-02-06T10:30:17 MYT" name="DemoRestAIO" finished-at="2023-02-06T10:30:23 MYT" duration-ms="5143">
      <class name="DemoRestAIO">
        <test-method is-config="true" signature="beforeClass()[pri:0, instance:DemoRestAIO@56cdfb3b]" started-at="2023-02-06T10:30:18 MYT" name="beforeClass" finished-at="2023-02-06T10:30:18 MYT" duration-ms="315" status="PASS">
          <reporter-output>
          </reporter-output>
        </test-method> <!-- beforeClass -->
        <test-method signature="login()[pri:1, instance:DemoRestAIO@56cdfb3b]" started-at="2023-02-06T10:30:18 MYT" name="login" finished-at="2023-02-06T10:30:20 MYT" duration-ms="2181" status="PASS">
          <reporter-output>
          </reporter-output>
        </test-method> <!-- login -->
        <test-method signature="verifyPin()[pri:2, instance:DemoRestAIO@56cdfb3b]" started-at="2023-02-06T10:30:20 MYT" name="verifyPin" finished-at="2023-02-06T10:30:21 MYT" duration-ms="771" status="PASS">
          <reporter-output>
          </reporter-output>
        </test-method> <!-- verifyPin -->
        <test-method signature="getProfile()[pri:0, instance:DemoRestAIO@56cdfb3b]" started-at="2023-02-06T10:30:21 MYT" name="getProfile" finished-at="2023-02-06T10:30:23 MYT" depends-on-methods="DemoRestAIO.verifyPin, DemoRestAIO.login" duration-ms="1855" status="PASS">
          <reporter-output>
          </reporter-output>
        </test-method> <!-- getProfile -->
      </class> <!-- DemoRestAIO -->
    </test> <!-- DemoRestAIO -->
  </suite> <!-- Default Suite -->
</testng-results>
